nohup: ignoring input
2016-08-12 15:44:03.724+0000 INFO  Starting...
2016-08-12 15:44:05.480+0000 INFO  Bolt enabled on localhost:7472.
2016-08-12 15:44:10.923+0000 INFO  Started.
2016-08-12 15:44:12.982+0000 WARN  FAILED ServerConnector@611dc778{HTTP/1.1}{localhost:7474}: java.net.BindException: Address already in use Address already in use
java.net.BindException: Address already in use
	at sun.nio.ch.Net.bind0(Native Method)
	at sun.nio.ch.Net.bind(Net.java:433)
	at sun.nio.ch.Net.bind(Net.java:425)
	at sun.nio.ch.ServerSocketChannelImpl.bind(ServerSocketChannelImpl.java:223)
	at sun.nio.ch.ServerSocketAdaptor.bind(ServerSocketAdaptor.java:74)
	at org.eclipse.jetty.server.ServerConnector.open(ServerConnector.java:321)
	at org.eclipse.jetty.server.AbstractNetworkConnector.doStart(AbstractNetworkConnector.java:80)
	at org.eclipse.jetty.server.ServerConnector.doStart(ServerConnector.java:236)
	at org.eclipse.jetty.util.component.AbstractLifeCycle.start(AbstractLifeCycle.java:68)
	at org.eclipse.jetty.server.Server.doStart(Server.java:366)
	at org.eclipse.jetty.util.component.AbstractLifeCycle.start(AbstractLifeCycle.java:68)
	at org.neo4j.server.web.Jetty9WebServer.startJetty(Jetty9WebServer.java:353)
	at org.neo4j.server.web.Jetty9WebServer.start(Jetty9WebServer.java:168)
	at org.neo4j.server.AbstractNeoServer.startWebServer(AbstractNeoServer.java:316)
	at org.neo4j.server.AbstractNeoServer.start(AbstractNeoServer.java:208)
	at org.neo4j.server.ServerBootstrapper.start(ServerBootstrapper.java:90)
	at org.neo4j.server.ServerBootstrapper.start(ServerBootstrapper.java:67)
	at org.neo4j.server.CommunityEntryPoint.main(CommunityEntryPoint.java:28)
2016-08-12 15:44:13.004+0000 WARN  FAILED org.eclipse.jetty.server.Server@13e2126d: java.net.BindException: Address already in use Address already in use
java.net.BindException: Address already in use
	at sun.nio.ch.Net.bind0(Native Method)
	at sun.nio.ch.Net.bind(Net.java:433)
	at sun.nio.ch.Net.bind(Net.java:425)
	at sun.nio.ch.ServerSocketChannelImpl.bind(ServerSocketChannelImpl.java:223)
	at sun.nio.ch.ServerSocketAdaptor.bind(ServerSocketAdaptor.java:74)
	at org.eclipse.jetty.server.ServerConnector.open(ServerConnector.java:321)
	at org.eclipse.jetty.server.AbstractNetworkConnector.doStart(AbstractNetworkConnector.java:80)
	at org.eclipse.jetty.server.ServerConnector.doStart(ServerConnector.java:236)
	at org.eclipse.jetty.util.component.AbstractLifeCycle.start(AbstractLifeCycle.java:68)
	at org.eclipse.jetty.server.Server.doStart(Server.java:366)
	at org.eclipse.jetty.util.component.AbstractLifeCycle.start(AbstractLifeCycle.java:68)
	at org.neo4j.server.web.Jetty9WebServer.startJetty(Jetty9WebServer.java:353)
	at org.neo4j.server.web.Jetty9WebServer.start(Jetty9WebServer.java:168)
	at org.neo4j.server.AbstractNeoServer.startWebServer(AbstractNeoServer.java:316)
	at org.neo4j.server.AbstractNeoServer.start(AbstractNeoServer.java:208)
	at org.neo4j.server.ServerBootstrapper.start(ServerBootstrapper.java:90)
	at org.neo4j.server.ServerBootstrapper.start(ServerBootstrapper.java:67)
	at org.neo4j.server.CommunityEntryPoint.main(CommunityEntryPoint.java:28)
2016-08-12 15:44:13.005+0000 ERROR Failed to start Neo4j on localhost:7474: Address localhost:7474 is already in use, cannot bind to it.
2016-08-12 15:44:13.005+0000 INFO  Stopping...
2016-08-12 15:44:13.599+0000 INFO  Stopped.
2016-08-12 15:44:13.602+0000 ERROR Failed to start Neo4j: Starting Neo4j failed: Address localhost:7474 is already in use, cannot bind to it. Starting Neo4j failed: Address localhost:7474 is already in use, cannot bind to it.
org.neo4j.server.ServerStartupException: Starting Neo4j failed: Address localhost:7474 is already in use, cannot bind to it.
	at org.neo4j.server.exception.ServerStartupErrors.translateToServerStartupError(ServerStartupErrors.java:68)
	at org.neo4j.server.AbstractNeoServer.start(AbstractNeoServer.java:217)
	at org.neo4j.server.ServerBootstrapper.start(ServerBootstrapper.java:90)
	at org.neo4j.server.ServerBootstrapper.start(ServerBootstrapper.java:67)
	at org.neo4j.server.CommunityEntryPoint.main(CommunityEntryPoint.java:28)
Caused by: org.neo4j.helpers.PortBindException: Address localhost:7474 is already in use, cannot bind to it.
	at sun.nio.ch.Net.bind0(Native Method)
	at sun.nio.ch.Net.bind(Net.java:433)
	at sun.nio.ch.Net.bind(Net.java:425)
	at sun.nio.ch.ServerSocketChannelImpl.bind(ServerSocketChannelImpl.java:223)
	at sun.nio.ch.ServerSocketAdaptor.bind(ServerSocketAdaptor.java:74)
	at org.eclipse.jetty.server.ServerConnector.open(ServerConnector.java:321)
	at org.eclipse.jetty.server.AbstractNetworkConnector.doStart(AbstractNetworkConnector.java:80)
	at org.eclipse.jetty.server.ServerConnector.doStart(ServerConnector.java:236)
	at org.eclipse.jetty.util.component.AbstractLifeCycle.start(AbstractLifeCycle.java:68)
	at org.eclipse.jetty.server.Server.doStart(Server.java:366)
	at org.eclipse.jetty.util.component.AbstractLifeCycle.start(AbstractLifeCycle.java:68)
	at org.neo4j.server.web.Jetty9WebServer.startJetty(Jetty9WebServer.java:353)
	at org.neo4j.server.web.Jetty9WebServer.start(Jetty9WebServer.java:168)
	at org.neo4j.server.AbstractNeoServer.startWebServer(AbstractNeoServer.java:316)
	at org.neo4j.server.AbstractNeoServer.start(AbstractNeoServer.java:208)
	... 3 more
nohup: ignoring input
2016-08-12 15:51:18.438+0000 INFO  Starting...
2016-08-12 15:51:19.579+0000 INFO  Bolt enabled on localhost:6998.
2016-08-12 15:51:23.590+0000 INFO  Started.
2016-08-12 15:51:25.376+0000 INFO  Remote interface available at http://localhost:7000/
2016-08-12 17:22:41.289+0000 INFO  Neo4j Server shutdown initiated by request
2016-08-12 17:22:41.311+0000 INFO  Stopping...
2016-08-12 17:22:41.762+0000 INFO  Stopped.
nohup: ignoring input
2016-08-12 17:25:56.520+0000 INFO  Starting...
2016-08-12 17:25:57.696+0000 INFO  Bolt enabled on localhost:6998.
2016-08-12 17:26:01.942+0000 INFO  Started.
2016-08-12 17:26:03.759+0000 INFO  Remote interface available at http://localhost:7000/
2016-08-12 18:35:16.302+0000 INFO  Neo4j Server shutdown initiated by request
2016-08-12 18:35:16.393+0000 INFO  Stopping...
2016-08-12 18:35:17.269+0000 INFO  Stopped.
nohup: ignoring input
2016-08-12 18:38:16.617+0000 INFO  Starting...
2016-08-12 18:38:18.947+0000 INFO  Bolt enabled on localhost:6998.
2016-08-12 18:38:26.669+0000 INFO  Started.
2016-08-12 18:38:30.045+0000 INFO  Remote interface available at http://localhost:7000/
2016-08-13 02:27:53.248+0000 INFO  Neo4j Server shutdown initiated by request
2016-08-13 02:27:53.640+0000 INFO  Stopping...
2016-08-13 02:27:54.831+0000 INFO  Stopped.
nohup: ignoring input
2016-08-13 19:52:44.453+0000 INFO  Starting...
2016-08-13 19:52:47.119+0000 INFO  Bolt enabled on localhost:6998.
2016-08-13 19:52:57.288+0000 INFO  Started.
2016-08-13 19:53:01.827+0000 INFO  Remote interface available at http://localhost:7000/
2016-08-14 19:16:19.118+0000 INFO  Neo4j Server shutdown initiated by request
2016-08-14 19:16:20.477+0000 INFO  Stopping...
2016-08-14 19:16:30.681+0000 INFO  Stopped.
nohup: ignoring input
2016-08-15 23:00:22.999+0000 INFO  Starting...
2016-08-15 23:00:25.730+0000 INFO  Bolt enabled on localhost:6998.
2016-08-15 23:01:10.402+0000 INFO  Started.
2016-08-15 23:01:18.448+0000 INFO  Remote interface available at http://localhost:7000/
2016-08-16 03:49:14.272+0000 INFO  Neo4j Server shutdown initiated by request
2016-08-16 03:49:14.370+0000 INFO  Stopping...
2016-08-16 03:49:15.053+0000 INFO  Stopped.
nohup: ignoring input
2016-08-16 22:50:28.778+0000 INFO  Starting...
2016-08-16 22:50:31.028+0000 INFO  Bolt enabled on localhost:6998.
2016-08-16 22:50:39.100+0000 INFO  Started.
2016-08-16 22:50:42.355+0000 INFO  Remote interface available at http://localhost:7000/
2016-08-17 03:23:04.148+0000 INFO  Neo4j Server shutdown initiated by request
2016-08-17 03:23:04.258+0000 INFO  Stopping...
2016-08-17 03:23:04.990+0000 INFO  Stopped.
nohup: ignoring input
2016-08-19 01:52:16.556+0000 INFO  Starting...
2016-08-19 01:52:18.872+0000 INFO  Bolt enabled on localhost:6998.
2016-08-19 01:52:26.136+0000 INFO  Started.
2016-08-19 01:52:28.488+0000 INFO  Remote interface available at http://localhost:7000/
2016-08-19 01:54:19.583+0000 INFO  Neo4j Server shutdown initiated by request
2016-08-19 01:54:19.628+0000 INFO  Stopping...
2016-08-19 01:54:20.381+0000 INFO  Stopped.
nohup: ignoring input
2016-08-19 01:54:38.008+0000 INFO  Starting...
2016-08-19 01:54:39.122+0000 INFO  Bolt enabled on localhost:6998.
2016-08-19 01:54:43.583+0000 INFO  Started.
2016-08-19 01:54:45.765+0000 INFO  Remote interface available at http://localhost:7000/
2016-08-19 03:28:24.522+0000 INFO  Neo4j Server shutdown initiated by request
2016-08-19 03:28:24.712+0000 INFO  Stopping...
2016-08-19 03:28:25.459+0000 INFO  Stopped.
nohup: ignoring input
2016-08-20 03:55:56.981+0000 INFO  Starting...
2016-08-20 03:56:00.283+0000 INFO  Bolt enabled on localhost:6998.
2016-08-20 03:56:07.832+0000 INFO  Started.
2016-08-20 03:56:11.048+0000 INFO  Remote interface available at http://localhost:7000/
2016-08-20 05:07:48.352+0000 INFO  Neo4j Server shutdown initiated by request
2016-08-20 05:07:48.390+0000 INFO  Stopping...
2016-08-20 05:07:49.215+0000 INFO  Stopped.
nohup: ignoring input
2016-08-20 14:21:22.438+0000 INFO  Starting...
2016-08-20 14:21:23.600+0000 INFO  Bolt enabled on localhost:6998.
2016-08-20 14:21:28.891+0000 INFO  Started.
2016-08-20 14:21:30.911+0000 INFO  Remote interface available at http://localhost:7000/
2016-08-21 23:00:38.181+0000 INFO  Neo4j Server shutdown initiated by request
2016-08-21 23:00:38.570+0000 INFO  Stopping...
2016-08-21 23:00:39.561+0000 INFO  Stopped.
nohup: ignoring input
2016-08-22 12:22:20.651+0000 INFO  Starting...
2016-08-22 12:22:25.414+0000 INFO  Bolt enabled on localhost:6998.
2016-08-22 12:22:33.488+0000 INFO  Started.
2016-08-22 12:22:36.488+0000 INFO  Remote interface available at http://localhost:7000/
2016-08-22 12:33:08.295+0000 INFO  Neo4j Server shutdown initiated by request
2016-08-22 12:33:08.320+0000 INFO  Stopping...
2016-08-22 12:33:09.122+0000 INFO  Stopped.
nohup: ignoring input
2016-08-22 23:16:09.359+0000 INFO  Starting...
2016-08-22 23:16:10.507+0000 INFO  Bolt enabled on localhost:6998.
2016-08-22 23:16:15.171+0000 INFO  Started.
2016-08-22 23:16:17.309+0000 INFO  Remote interface available at http://localhost:7000/
nohup: ignoring input
2016-08-25 02:00:37.075+0000 INFO  Starting...
2016-08-25 02:00:39.665+0000 INFO  Bolt enabled on localhost:6998.
2016-08-25 02:01:03.867+0000 INFO  Started.
2016-08-25 02:01:08.912+0000 INFO  Remote interface available at http://localhost:7000/
2016-08-25 03:41:52.485+0000 INFO  Neo4j Server shutdown initiated by request
2016-08-25 03:41:52.557+0000 INFO  Stopping...
2016-08-25 03:41:53.132+0000 INFO  Stopped.
nohup: ignoring input
2016-08-26 15:57:10.741+0000 INFO  Starting...
2016-08-26 15:57:13.352+0000 INFO  Bolt enabled on localhost:6998.
2016-08-26 15:57:38.491+0000 INFO  Started.
2016-08-26 15:57:46.209+0000 INFO  Remote interface available at http://localhost:7000/
nohup: ignoring input
2016-09-01 00:05:16.642+0000 INFO  Starting...
2016-09-01 00:05:19.322+0000 INFO  Bolt enabled on localhost:6998.
2016-09-01 00:05:41.337+0000 INFO  Started.
2016-09-01 00:05:45.457+0000 INFO  Remote interface available at http://localhost:7000/
2016-09-02 02:53:01.625+0000 INFO  Neo4j Server shutdown initiated by request
2016-09-02 02:53:02.096+0000 INFO  Stopping...
2016-09-02 02:53:03.039+0000 INFO  Stopped.
nohup: ignoring input
2016-09-02 17:49:50.093+0000 INFO  Starting...
2016-09-02 17:49:52.847+0000 INFO  Bolt enabled on localhost:6998.
2016-09-02 17:50:18.096+0000 INFO  Started.
2016-09-02 17:50:23.126+0000 INFO  Remote interface available at http://localhost:7000/
2016-09-02 20:00:02.962+0000 INFO  Neo4j Server shutdown initiated by request
2016-09-02 20:00:02.985+0000 INFO  Stopping...
2016-09-02 20:00:03.721+0000 INFO  Stopped.
nohup: ignoring input
2016-09-02 22:46:59.718+0000 INFO  Starting...
2016-09-02 22:47:04.086+0000 INFO  Bolt enabled on localhost:6998.
2016-09-02 22:47:31.682+0000 INFO  Started.
2016-09-02 22:47:36.814+0000 INFO  Remote interface available at http://localhost:7000/
2016-09-02 23:06:48.775+0000 INFO  Neo4j Server shutdown initiated by request
2016-09-02 23:06:48.908+0000 INFO  Stopping...
2016-09-02 23:06:49.532+0000 INFO  Stopped.
nohup: ignoring input
2016-09-03 16:29:34.145+0000 INFO  Starting...
2016-09-03 16:30:07.441+0000 INFO  Bolt enabled on localhost:6998.
2016-09-03 16:30:42.911+0000 INFO  Started.
2016-09-03 16:30:45.272+0000 INFO  Remote interface available at http://localhost:7000/
2016-09-03 20:22:56.295+0000 INFO  Neo4j Server shutdown initiated by request
2016-09-03 20:22:56.371+0000 INFO  Stopping...
2016-09-03 20:22:57.012+0000 INFO  Stopped.
nohup: ignoring input
2016-09-03 22:54:51.412+0000 INFO  Starting...
2016-09-03 22:54:52.542+0000 INFO  Bolt enabled on localhost:6998.
2016-09-03 22:54:57.546+0000 INFO  Started.
2016-09-03 22:54:59.593+0000 INFO  Remote interface available at http://localhost:7000/
2016-09-06 00:45:42.473+0000 INFO  Neo4j Server shutdown initiated by request
2016-09-06 00:45:42.665+0000 INFO  Stopping...
2016-09-06 00:45:43.541+0000 INFO  Stopped.
nohup: ignoring input
2016-09-08 03:05:28.110+0000 INFO  Starting...
2016-09-08 03:05:35.084+0000 INFO  Bolt enabled on localhost:6998.
2016-09-08 03:06:17.361+0000 INFO  Started.
2016-09-08 03:06:22.356+0000 INFO  Remote interface available at http://localhost:7000/
2016-09-08 04:22:39.429+0000 INFO  Neo4j Server shutdown initiated by request
2016-09-08 04:22:39.504+0000 INFO  Stopping...
2016-09-08 04:22:40.189+0000 INFO  Stopped.
nohup: ignoring input
2016-09-08 12:29:35.435+0000 INFO  Starting...
2016-09-08 12:29:49.222+0000 INFO  Bolt enabled on localhost:6998.
2016-09-08 12:30:26.930+0000 INFO  Started.
2016-09-08 12:30:31.603+0000 INFO  Remote interface available at http://localhost:7000/
2016-09-08 13:34:32.076+0000 INFO  Neo4j Server shutdown initiated by request
2016-09-08 13:34:32.144+0000 INFO  Stopping...
2016-09-08 13:34:32.840+0000 INFO  Stopped.
nohup: ignoring input
2016-09-09 01:51:58.515+0000 INFO  Starting...
2016-09-09 01:52:04.085+0000 INFO  Bolt enabled on localhost:6998.
2016-09-09 01:52:29.496+0000 INFO  Started.
2016-09-09 01:52:45.427+0000 INFO  Remote interface available at http://localhost:7000/
2016-09-09 03:06:03.146+0000 INFO  Neo4j Server shutdown initiated by request
2016-09-09 03:06:03.221+0000 INFO  Stopping...
2016-09-09 03:06:03.995+0000 INFO  Stopped.
nohup: ignoring input
2016-09-10 15:24:14.723+0000 INFO  Starting...
2016-09-10 15:24:29.107+0000 INFO  Bolt enabled on localhost:6998.
2016-09-10 15:25:23.426+0000 INFO  Started.
2016-09-10 15:25:44.016+0000 INFO  Remote interface available at http://localhost:7000/
2016-09-11 00:43:39.137+0000 INFO  Neo4j Server shutdown initiated by request
2016-09-11 00:43:39.262+0000 INFO  Stopping...
2016-09-11 00:43:39.976+0000 INFO  Stopped.
nohup: ignoring input
2016-12-29 21:24:11.949+0000 INFO  Starting...
2016-12-29 21:24:14.572+0000 INFO  Bolt enabled on localhost:6998.
2016-12-29 21:24:24.335+0000 INFO  Started.
2016-12-29 21:24:26.867+0000 INFO  Remote interface available at http://localhost:7000/
